2023-07-28 02:57:56 - __main__ - INFO - The script ran
2023-07-28 02:57:56 - __main__ - INFO - Running the routine. Loop count: 1
2023-07-28 15:14:40 - __main__ - WARNING - Token value: Bot token not available!
2023-07-28 15:14:40 - __main__ - WARNING - Token value: Telegram Chat ID token not available!
2023-07-28 15:14:40 - __main__ - INFO - The script ran
2023-07-28 15:14:40 - __main__ - INFO - Running the routine. Loop count: 1
2023-07-28 15:14:40 - __main__ - WARNING - Price element not found.
2023-07-28 15:59:00 - __main__ - WARNING - Price element not found.
2023-07-28 16:59:00 - __main__ - WARNING - Price element not found.
2023-07-28 17:59:00 - __main__ - WARNING - Price element not found.
2023-07-28 18:59:00 - __main__ - WARNING - Price element not found.
2023-07-28 19:59:00 - __main__ - WARNING - Price element not found.
2023-07-28 20:59:00 - __main__ - INFO - Stopping the script.
2023-07-29 02:05:20 - __main__ - WARNING - Token value: Bot token not available!
2023-07-29 02:05:20 - __main__ - WARNING - Token value: Telegram Chat ID token not available!
2023-07-29 02:05:20 - __main__ - INFO - The script ran
2023-07-29 02:05:20 - __main__ - INFO - Running the routine. Loop count: 1
2023-07-29 02:05:21 - __main__ - WARNING - Price element not found. Stopping the script.
2023-07-29 02:28:04 - __main__ - INFO - The script ran
2023-07-29 02:28:04 - __main__ - WARNING - Token value: Bot token not available!
2023-07-29 02:28:04 - __main__ - WARNING - Token value: Telegram Chat ID token not available!
2023-07-29 02:28:04 - __main__ - INFO - Running the routine. Loop count: 1
2023-07-29 02:28:04 - __main__ - WARNING - Price element not found. Stopping the script.
2023-07-29 02:42:20 - __main__ - INFO - The script ran
2023-07-29 02:42:20 - __main__ - INFO - Running the routine. Loop count: 1
2023-07-29 02:42:20 - __main__ - WARNING - Price element not found. Stopping the script.
2023-07-29 02:55:58 - __main__ - INFO - The script ran
2023-07-29 02:55:58 - __main__ - INFO - Running the routine. Loop count: 1
2023-07-29 02:55:59 - __main__ - WARNING - Price element not found. Stopping the script.
2023-07-29 02:59:47 - __main__ - INFO - The script ran
2023-07-29 02:59:47 - __main__ - INFO - Running the routine. Loop count: 1
2023-07-29 02:59:47 - __main__ - DEBUG - Requisition status code: 403
2023-07-29 02:59:47 - __main__ - DEBUG - Requisition content: b'<!DOCTYPE HTML PUBLIC "-//W3C//DTD HTML 4.01 Transitional//EN" "http://www.w3.org/TR/html4/loose.dtd">\n<HTML><HEAD><META HTTP-EQUIV="Content-Type" CONTENT="text/html; charset=iso-8859-1">\n<TITLE>ERROR: The request could not be satisfied</TITLE>\n</HEAD><BODY>\n<H1>403 ERROR</H1>\n<H2>The request could not be satisfied.</H2>\n<HR noshade size="1px">\nRequest blocked.\nWe can\'t connect to the server for this app or website at this time. There might be too much traffic or a configuration error. Try again later, or contact the app or website owner.\n<BR clear="all">\nIf you provide content to customers through CloudFront, you can find steps to troubleshoot and help prevent this error by reviewing the CloudFront documentation.\n<BR clear="all">\n<HR noshade size="1px">\n<PRE>\nGenerated by cloudfront (CloudFront)\nRequest ID: wOLbZRv1R36Io1gK2KSEhKp7NsLD5om6mBpiWnexRC9P1lTNAp-9wQ==\n</PRE>\n<ADDRESS>\n</ADDRESS>\n</BODY></HTML>'
2023-07-29 02:59:47 - __main__ - WARNING - Price element not found. Stopping the script.
2023-07-29 03:20:35 - __main__ - INFO - The script ran
2023-07-29 03:20:35 - __main__ - INFO - Running the routine. Loop count: 1
2023-07-29 03:20:35 - __main__ - DEBUG - Requisition status code: 403
2023-07-29 03:20:35 - __main__ - DEBUG - Requisition content: b'<!DOCTYPE HTML PUBLIC "-//W3C//DTD HTML 4.01 Transitional//EN" "http://www.w3.org/TR/html4/loose.dtd">\n<HTML><HEAD><META HTTP-EQUIV="Content-Type" CONTENT="text/html; charset=iso-8859-1">\n<TITLE>ERROR: The request could not be satisfied</TITLE>\n</HEAD><BODY>\n<H1>403 ERROR</H1>\n<H2>The request could not be satisfied.</H2>\n<HR noshade size="1px">\nRequest blocked.\nWe can\'t connect to the server for this app or website at this time. There might be too much traffic or a configuration error. Try again later, or contact the app or website owner.\n<BR clear="all">\nIf you provide content to customers through CloudFront, you can find steps to troubleshoot and help prevent this error by reviewing the CloudFront documentation.\n<BR clear="all">\n<HR noshade size="1px">\n<PRE>\nGenerated by cloudfront (CloudFront)\nRequest ID: sK-tCJOeZThIlC48ZQ-Qyr92gNvdW8vvU0EZ4FspqCxUuPHLAqMgeQ==\n</PRE>\n<ADDRESS>\n</ADDRESS>\n</BODY></HTML>'
2023-07-29 03:20:35 - __main__ - WARNING - Price element not found. Stopping the script.
2023-07-29 03:44:58 - __main__ - INFO - The script ran
2023-07-29 03:44:58 - __main__ - INFO - Running the routine. Loop count: 1
2023-07-29 03:44:59 - __main__ - DEBUG - Requisition status code: 403
<div style="display: none;">::CLOUDFLARE_ERROR_500S_BOX::</div>\n        <div style="display: none;">::ALWAYS_ONLINE_NO_COPY_BOX::</div>\n    </body>\n</html>'
2023-07-29 03:44:59 - __main__ - WARNING - Price element not found. Stopping the script.
2023-07-29 04:34:59 - __main__ - INFO - The script ran
2023-07-29 04:34:59 - __main__ - INFO - Running the routine. Loop count: 1
2023-07-29 04:34:59 - __main__ - DEBUG - Requisition status code: 403
2023-07-29 04:34:59 - __main__ - DEBUG - Requisition content: b'<!DOCTYPE HTML PUBLIC "-//W3C//DTD HTML 4.01 Transitional//EN" "http://www.w3.org/TR/html4/loose.dtd">\n<HTML><HEAD><META HTTP-EQUIV="Content-Type" CONTENT="text/html; charset=iso-8859-1">\n<TITLE>ERROR: The request could not be satisfied</TITLE>\n</HEAD><BODY>\n<H1>403 ERROR</H1>\n<H2>The request could not be satisfied.</H2>\n<HR noshade size="1px">\nRequest blocked.\nWe can\'t connect to the server for this app or website at this time. There might be too much traffic or a configuration error. Try again later, or contact the app or website owner.\n<BR clear="all">\nIf you provide content to customers through CloudFront, you can find steps to troubleshoot and help prevent this error by reviewing the CloudFront documentation.\n<BR clear="all">\n<HR noshade size="1px">\n<PRE>\nGenerated by cloudfront (CloudFront)\nRequest ID: JdO26iYy3MzYk2ZaUHhxVaxffPuJ7mAOVn7HQ-eyXpBuOF-w7nwjUA==\n</PRE>\n<ADDRESS>\n</ADDRESS>\n</BODY></HTML>'
2023-07-29 04:34:59 - __main__ - WARNING - Price element not found. Stopping the script.
2023-07-29 05:11:49 - __main__ - INFO - The script ran
2023-07-29 05:11:49 - __main__ - INFO - Running the routine. Loop count: 1
2023-07-29 05:11:49 - __main__ - DEBUG - Requisition status code: 403
2023-07-29 05:11:49 - __main__ - DEBUG - Requisition content: b'<!DOCTYPE HTML PUBLIC "-//W3C//DTD HTML 4.01 Transitional//EN" "http://www.w3.org/TR/html4/loose.dtd">\n<HTML><HEAD><META HTTP-EQUIV="Content-Type" CONTENT="text/html; charset=iso-8859-1">\n<TITLE>ERROR: The request could not be satisfied</TITLE>\n</HEAD><BODY>\n<H1>403 ERROR</H1>\n<H2>The request could not be satisfied.</H2>\n<HR noshade size="1px">\nRequest blocked.\nWe can\'t connect to the server for this app or website at this time. There might be too much traffic or a configuration error. Try again later, or contact the app or website owner.\n<BR clear="all">\nIf you provide content to customers through CloudFront, you can find steps to troubleshoot and help prevent this error by reviewing the CloudFront documentation.\n<BR clear="all">\n<HR noshade size="1px">\n<PRE>\nGenerated by cloudfront (CloudFront)\nRequest ID: IQ6dODh3SCGGaHWG9n3nD8T85r78pLVo1Ua5DPWIaoXyT07P1nNsvA==\n</PRE>\n<ADDRESS>\n</ADDRESS>\n</BODY></HTML>'
2023-07-29 05:11:49 - __main__ - WARNING - Price element not found. Stopping the script.
2023-07-29 05:36:53 - __main__ - INFO - The script ran
2023-07-29 05:36:53 - __main__ - INFO - Running the routine. Loop count: 1
2023-07-29 05:36:53 - __main__ - DEBUG - Requisition status code: 403
2023-07-29 05:36:53 - __main__ - DEBUG - Requisition content: b'<!DOCTYPE HTML PUBLIC "-//W3C//DTD HTML 4.01 Transitional//EN" "http://www.w3.org/TR/html4/loose.dtd">\n<HTML><HEAD><META HTTP-EQUIV="Content-Type" CONTENT="text/html; charset=iso-8859-1">\n<TITLE>ERROR: The request could not be satisfied</TITLE>\n</HEAD><BODY>\n<H1>403 ERROR</H1>\n<H2>The request could not be satisfied.</H2>\n<HR noshade size="1px">\nRequest blocked.\nWe can\'t connect to the server for this app or website at this time. There might be too much traffic or a configuration error. Try again later, or contact the app or website owner.\n<BR clear="all">\nIf you provide content to customers through CloudFront, you can find steps to troubleshoot and help prevent this error by reviewing the CloudFront documentation.\n<BR clear="all">\n<HR noshade size="1px">\n<PRE>\nGenerated by cloudfront (CloudFront)\nRequest ID: F100Y42DpUAOxRU1d7wxjBgXHvJGGN86J4QVP4SHS155927Leyy0hw==\n</PRE>\n<ADDRESS>\n</ADDRESS>\n</BODY></HTML>'
2023-07-29 05:36:53 - __main__ - WARNING - Price element not found. Stopping the script.
2023-07-29 02:44:23 - __main__ - INFO - The script ran
2023-07-29 02:44:23 - __main__ - INFO - Running the routine. Loop count: 1
2023-07-29 02:44:23 - __main__ - DEBUG - Requisition status code: 200
2023-07-29 05:55:30 - __main__ - INFO - The script ran
2023-07-29 05:55:30 - __main__ - INFO - Running the routine. Loop count: 1
2023-07-29 05:55:30 - __main__ - DEBUG - Requisition status code: 403
2023-07-29 05:55:30 - __main__ - WARNING - Price element not found. Stopping the script.
2023-07-29 03:24:45 - __main__ - INFO - The script ran
2023-07-29 03:24:45 - __main__ - INFO - Running the routine. Loop count: 1
2023-07-29 03:24:45 - __main__ - DEBUG - Requisition status code: 403
2023-07-29 03:24:45 - __main__ - WARNING - Price element not found. Stopping the script.
2023-07-29 03:25:45 - __main__ - INFO - The script ran
2023-07-29 03:25:45 - __main__ - INFO - Running the routine. Loop count: 1
2023-07-29 03:25:46 - __main__ - DEBUG - Requisition status code: 403
2023-07-29 03:25:46 - __main__ - WARNING - Price element not found. Stopping the script.
2023-07-29 03:27:07 - __main__ - INFO - The script ran
2023-07-29 03:27:07 - __main__ - INFO - Running the routine. Loop count: 1
2023-07-29 03:27:14 - __main__ - DEBUG - Requisition status code: 200
2023-07-29 03:29:37 - __main__ - INFO - The script ran
2023-07-29 03:29:37 - __main__ - INFO - Running the routine. Loop count: 1
2023-07-29 03:29:42 - __main__ - DEBUG - Requisition status code: 200
2023-07-29 03:29:42 - __main__ - WARNING - Price element not found. Stopping the script.
2023-07-29 10:12:57 - __main__ - INFO - The script ran
2023-07-29 10:12:57 - __main__ - INFO - Running the routine. Loop count: 1
2023-07-29 10:13:06 - __main__ - DEBUG - Requisition status code: 200
2023-07-29 10:59:08 - __main__ - INFO - Running the routine. Loop count: 2
2023-07-29 10:59:12 - __main__ - DEBUG - Requisition status code: 200
2023-07-29 11:59:04 - __main__ - INFO - Running the routine. Loop count: 3
2023-07-29 11:59:13 - __main__ - DEBUG - Requisition status code: 200
2023-07-29 12:59:09 - __main__ - INFO - Running the routine. Loop count: 4
2023-07-29 12:59:15 - __main__ - DEBUG - Requisition status code: 200
2023-07-29 13:59:06 - __main__ - INFO - Stopping the script.
2023-07-29 15:12:18 - __main__ - INFO - The script ran
2023-07-29 15:12:18 - __main__ - INFO - Running the routine. Loop count: 1
2023-07-29 15:12:26 - __main__ - DEBUG - Requisition status code: 200
2023-07-29 15:59:08 - __main__ - INFO - Running the routine. Loop count: 2
2023-07-29 15:59:13 - __main__ - DEBUG - Requisition status code: 200
2023-07-29 16:59:04 - __main__ - INFO - Running the routine. Loop count: 3
2023-07-29 16:59:08 - __main__ - DEBUG - Requisition status code: 200
2023-07-29 17:59:04 - __main__ - INFO - Running the routine. Loop count: 4
2023-07-29 17:59:08 - __main__ - DEBUG - Requisition status code: 200
2023-07-29 18:59:03 - __main__ - INFO - Running the routine. Loop count: 5
2023-07-29 18:59:08 - __main__ - DEBUG - Requisition status code: 200
2023-07-29 19:59:04 - __main__ - INFO - Running the routine. Loop count: 6
2023-07-29 19:59:08 - __main__ - DEBUG - Requisition status code: 200
2023-07-29 20:59:03 - __main__ - INFO - Stopping the script.
2023-07-30 01:13:53 - __main__ - INFO - The script ran
2023-07-30 01:13:53 - __main__ - INFO - Running the routine. Loop count: 1
2023-07-30 01:13:56 - __main__ - DEBUG - Requisition status code: 200
2023-07-30 01:59:03 - __main__ - INFO - Running the routine. Loop count: 2
2023-07-30 01:59:08 - __main__ - DEBUG - Requisition status code: 200
2023-07-30 02:59:04 - __main__ - INFO - Running the routine. Loop count: 3
2023-07-30 02:59:07 - __main__ - DEBUG - Requisition status code: 200
2023-07-30 03:59:02 - __main__ - INFO - Running the routine. Loop count: 4
2023-07-30 03:59:11 - __main__ - DEBUG - Requisition status code: 200
2023-07-30 04:59:09 - __main__ - INFO - Running the routine. Loop count: 5
2023-07-30 04:59:18 - __main__ - DEBUG - Requisition status code: 200
2023-07-30 05:59:09 - __main__ - INFO - Running the routine. Loop count: 6
2023-07-30 05:59:16 - __main__ - DEBUG - Requisition status code: 200
2023-07-30 06:59:07 - __main__ - INFO - Stopping the script.
2023-07-30 10:13:05 - __main__ - INFO - The script ran
2023-07-30 10:13:05 - __main__ - INFO - Running the routine. Loop count: 1
2023-07-30 10:13:10 - __main__ - DEBUG - Requisition status code: 200
2023-07-30 10:59:05 - __main__ - INFO - Running the routine. Loop count: 2
2023-07-30 10:59:09 - __main__ - DEBUG - Requisition status code: 200
2023-07-30 11:59:03 - __main__ - INFO - Running the routine. Loop count: 3
2023-07-30 11:59:11 - __main__ - DEBUG - Requisition status code: 200
2023-07-30 12:59:07 - __main__ - INFO - Running the routine. Loop count: 4
2023-07-30 12:59:10 - __main__ - DEBUG - Requisition status code: 200
2023-07-30 13:59:03 - __main__ - INFO - Stopping the script.
2023-07-30 15:12:24 - __main__ - INFO - The script ran
2023-07-30 15:12:24 - __main__ - INFO - Running the routine. Loop count: 1
2023-07-30 15:12:31 - __main__ - DEBUG - Requisition status code: 200
2023-07-30 15:59:06 - __main__ - INFO - Running the routine. Loop count: 2
2023-07-30 15:59:13 - __main__ - DEBUG - Requisition status code: 200
2023-07-30 16:59:07 - __main__ - INFO - Running the routine. Loop count: 3
2023-07-30 16:59:18 - __main__ - DEBUG - Requisition status code: 200
2023-07-30 17:59:10 - __main__ - INFO - Running the routine. Loop count: 4
2023-07-30 17:59:18 - __main__ - DEBUG - Requisition status code: 200
2023-07-30 18:59:07 - __main__ - INFO - Running the routine. Loop count: 5
2023-07-30 18:59:13 - __main__ - DEBUG - Requisition status code: 200
2023-07-30 19:59:05 - __main__ - INFO - Running the routine. Loop count: 6
2023-07-30 19:59:09 - __main__ - DEBUG - Requisition status code: 200
2023-07-30 20:59:03 - __main__ - INFO - Stopping the script.
2023-07-31 01:14:14 - __main__ - INFO - The script ran
2023-07-31 01:14:14 - __main__ - INFO - Running the routine. Loop count: 1
2023-07-31 01:14:20 - __main__ - DEBUG - Requisition status code: 200
2023-07-31 01:59:05 - __main__ - INFO - Running the routine. Loop count: 2
2023-07-31 01:59:09 - __main__ - DEBUG - Requisition status code: 200
2023-07-31 02:59:03 - __main__ - INFO - Running the routine. Loop count: 3
2023-07-31 02:59:11 - __main__ - DEBUG - Requisition status code: 200
2023-07-31 03:59:07 - __main__ - INFO - Running the routine. Loop count: 4
2023-07-31 03:59:11 - __main__ - DEBUG - Requisition status code: 200
2023-07-31 04:59:04 - __main__ - INFO - Running the routine. Loop count: 5
2023-07-31 04:59:10 - __main__ - DEBUG - Requisition status code: 200
2023-07-31 05:59:06 - __main__ - INFO - Running the routine. Loop count: 6
2023-07-31 05:59:10 - __main__ - DEBUG - Requisition status code: 200
2023-07-31 06:59:04 - __main__ - INFO - Stopping the script.
2023-07-31 10:15:42 - __main__ - INFO - The script ran
2023-07-31 10:15:42 - __main__ - INFO - Running the routine. Loop count: 1
2023-07-31 10:15:45 - __main__ - DEBUG - Requisition status code: 200
2023-07-31 10:59:03 - __main__ - INFO - Running the routine. Loop count: 2
2023-07-31 10:59:07 - __main__ - DEBUG - Requisition status code: 200
2023-07-31 11:59:03 - __main__ - INFO - Running the routine. Loop count: 3
2023-07-31 11:59:07 - __main__ - DEBUG - Requisition status code: 200
2023-07-31 12:59:04 - __main__ - INFO - Running the routine. Loop count: 4
2023-07-31 12:59:07 - __main__ - DEBUG - Requisition status code: 200
2023-07-31 13:59:03 - __main__ - INFO - Stopping the script.
2023-07-31 15:15:04 - __main__ - INFO - The script ran
2023-07-31 15:15:04 - __main__ - INFO - Running the routine. Loop count: 1
2023-07-31 15:15:08 - __main__ - DEBUG - Requisition status code: 200
2023-07-31 15:59:04 - __main__ - INFO - Running the routine. Loop count: 2
2023-07-31 15:59:07 - __main__ - DEBUG - Requisition status code: 200
2023-07-31 16:59:02 - __main__ - INFO - Running the routine. Loop count: 3
2023-07-31 16:59:07 - __main__ - DEBUG - Requisition status code: 200
2023-07-31 17:59:04 - __main__ - INFO - Running the routine. Loop count: 4
2023-07-31 17:59:15 - __main__ - DEBUG - Requisition status code: 200
2023-07-31 18:59:10 - __main__ - INFO - Running the routine. Loop count: 5
2023-07-31 18:59:21 - __main__ - DEBUG - Requisition status code: 200
2023-07-31 19:59:10 - __main__ - INFO - Running the routine. Loop count: 6
2023-07-31 19:59:19 - __main__ - DEBUG - Requisition status code: 200
2023-07-31 20:59:09 - __main__ - INFO - Stopping the script.
2023-08-01 01:19:22 - __main__ - INFO - The script ran
2023-08-01 01:19:22 - __main__ - INFO - Running the routine. Loop count: 1
2023-08-01 01:19:27 - __main__ - DEBUG - Requisition status code: 200
2023-08-01 01:59:05 - __main__ - INFO - Running the routine. Loop count: 2
2023-08-01 01:59:10 - __main__ - DEBUG - Requisition status code: 200
2023-08-01 02:59:05 - __main__ - INFO - Running the routine. Loop count: 3
2023-08-01 02:59:08 - __main__ - DEBUG - Requisition status code: 200
2023-08-01 03:59:02 - __main__ - INFO - Running the routine. Loop count: 4
2023-08-01 03:59:09 - __main__ - DEBUG - Requisition status code: 200
2023-08-01 04:59:07 - __main__ - INFO - Running the routine. Loop count: 5
2023-08-01 04:59:16 - __main__ - DEBUG - Requisition status code: 200
2023-08-01 05:59:09 - __main__ - INFO - Running the routine. Loop count: 6
2023-08-01 05:59:17 - __main__ - DEBUG - Requisition status code: 200
2023-08-01 06:59:07 - __main__ - INFO - Stopping the script.
2023-08-01 10:15:04 - __main__ - INFO - The script ran
2023-08-01 10:15:04 - __main__ - INFO - Running the routine. Loop count: 1
2023-08-01 10:15:07 - __main__ - DEBUG - Requisition status code: 200
2023-08-01 10:59:02 - __main__ - INFO - Running the routine. Loop count: 2
2023-08-01 10:59:12 - __main__ - DEBUG - Requisition status code: 200
2023-08-01 11:59:09 - __main__ - INFO - Running the routine. Loop count: 3
2023-08-01 11:59:15 - __main__ - DEBUG - Requisition status code: 200
2023-08-01 12:59:06 - __main__ - INFO - Running the routine. Loop count: 4
2023-08-01 12:59:10 - __main__ - DEBUG - Requisition status code: 200
2023-08-01 13:59:04 - __main__ - INFO - Stopping the script.
2023-08-01 15:14:22 - __main__ - INFO - The script ran
2023-08-01 15:14:22 - __main__ - INFO - Running the routine. Loop count: 1
2023-08-01 15:14:25 - __main__ - DEBUG - Requisition status code: 200
2023-08-01 15:59:02 - __main__ - INFO - Running the routine. Loop count: 2
2023-08-01 15:59:06 - __main__ - DEBUG - Requisition status code: 200
2023-08-01 16:59:04 - __main__ - INFO - Running the routine. Loop count: 3
2023-08-01 16:59:07 - __main__ - DEBUG - Requisition status code: 200
2023-08-01 17:59:03 - __main__ - INFO - Running the routine. Loop count: 4
2023-08-01 17:59:05 - __main__ - DEBUG - Requisition status code: 200
2023-08-01 18:59:02 - __main__ - INFO - Running the routine. Loop count: 5
2023-08-01 18:59:07 - __main__ - DEBUG - Requisition status code: 200
2023-08-01 19:59:05 - __main__ - INFO - Running the routine. Loop count: 6
2023-08-01 19:59:11 - __main__ - DEBUG - Requisition status code: 200
2023-08-01 20:59:06 - __main__ - INFO - Stopping the script.
2023-08-02 01:09:40 - __main__ - INFO - The script ran
2023-08-02 01:09:40 - __main__ - INFO - Running the routine. Loop count: 1
2023-08-02 01:09:44 - __main__ - DEBUG - Requisition status code: 200
2023-08-02 01:59:03 - __main__ - INFO - Running the routine. Loop count: 2
2023-08-02 01:59:07 - __main__ - DEBUG - Requisition status code: 200
2023-08-02 02:59:04 - __main__ - INFO - Running the routine. Loop count: 3
2023-08-02 02:59:18 - __main__ - DEBUG - Requisition status code: 200
2023-08-02 03:59:14 - __main__ - INFO - Running the routine. Loop count: 4
2023-08-02 03:59:18 - __main__ - DEBUG - Requisition status code: 200
2023-08-02 04:59:03 - __main__ - INFO - Running the routine. Loop count: 5
2023-08-02 04:59:07 - __main__ - DEBUG - Requisition status code: 200
2023-08-02 05:59:04 - __main__ - INFO - Running the routine. Loop count: 6
2023-08-02 05:59:07 - __main__ - DEBUG - Requisition status code: 200
2023-08-02 06:59:03 - __main__ - INFO - Stopping the script.
2023-08-02 10:14:26 - __main__ - INFO - The script ran
2023-08-02 10:14:26 - __main__ - INFO - Running the routine. Loop count: 1
2023-08-02 10:14:30 - __main__ - DEBUG - Requisition status code: 200
2023-08-02 10:59:03 - __main__ - INFO - Running the routine. Loop count: 2
2023-08-02 10:59:05 - __main__ - DEBUG - Requisition status code: 200
2023-08-02 11:59:02 - __main__ - INFO - Running the routine. Loop count: 3
2023-08-02 11:59:07 - __main__ - DEBUG - Requisition status code: 200
2023-08-02 12:59:04 - __main__ - INFO - Running the routine. Loop count: 4
2023-08-02 12:59:08 - __main__ - DEBUG - Requisition status code: 200
2023-08-02 13:59:03 - __main__ - INFO - Stopping the script.
2023-08-02 15:13:52 - __main__ - INFO - The script ran
2023-08-02 15:13:52 - __main__ - INFO - Running the routine. Loop count: 1
2023-08-02 15:13:56 - __main__ - DEBUG - Requisition status code: 200
2023-08-02 15:59:04 - __main__ - INFO - Running the routine. Loop count: 2
2023-08-02 15:59:09 - __main__ - DEBUG - Requisition status code: 200
2023-08-02 16:59:05 - __main__ - INFO - Running the routine. Loop count: 3
2023-08-02 16:59:14 - __main__ - DEBUG - Requisition status code: 200
2023-08-02 17:59:08 - __main__ - INFO - Running the routine. Loop count: 4
2023-08-02 17:59:18 - __main__ - DEBUG - Requisition status code: 200
2023-08-02 18:59:09 - __main__ - INFO - Running the routine. Loop count: 5
2023-08-02 18:59:12 - __main__ - DEBUG - Requisition status code: 200
2023-08-02 19:59:03 - __main__ - INFO - Running the routine. Loop count: 6
2023-08-02 19:59:06 - __main__ - DEBUG - Requisition status code: 200
2023-08-02 20:59:02 - __main__ - INFO - Stopping the script.
2023-08-03 01:11:48 - __main__ - INFO - The script ran
2023-08-03 01:11:48 - __main__ - INFO - Running the routine. Loop count: 1
2023-08-03 01:11:50 - __main__ - DEBUG - Requisition status code: 500
2023-08-03 01:11:50 - __main__ - WARNING - Price element not found. Stopping the script.
2023-08-03 05:12:31 - __main__ - INFO - The script ran
2023-08-03 05:12:31 - __main__ - INFO - Running the routine. Loop count: 1
2023-08-03 05:12:33 - __main__ - DEBUG - Requisition status code: 500
2023-08-03 05:12:33 - __main__ - WARNING - Price element not found. Stopping the script.
2023-08-03 10:14:33 - __main__ - INFO - The script ran
2023-08-03 10:14:33 - __main__ - INFO - Running the routine. Loop count: 1
2023-08-03 10:14:36 - __main__ - DEBUG - Requisition status code: 200
2023-08-03 10:59:03 - __main__ - INFO - Running the routine. Loop count: 2
2023-08-03 10:59:10 - __main__ - DEBUG - Requisition status code: 200
2023-08-03 11:59:06 - __main__ - INFO - Running the routine. Loop count: 3
2023-08-03 11:59:10 - __main__ - DEBUG - Requisition status code: 200
2023-08-03 12:59:03 - __main__ - INFO - Running the routine. Loop count: 4
2023-08-03 12:59:09 - __main__ - DEBUG - Requisition status code: 200
2023-08-03 13:59:05 - __main__ - INFO - Stopping the script.
2023-08-03 15:14:02 - __main__ - INFO - The script ran
2023-08-03 15:14:02 - __main__ - INFO - Running the routine. Loop count: 1
2023-08-03 15:14:07 - __main__ - DEBUG - Requisition status code: 200
2023-08-03 15:59:05 - __main__ - INFO - Running the routine. Loop count: 2
2023-08-03 15:59:09 - __main__ - DEBUG - Requisition status code: 200
2023-08-03 16:59:04 - __main__ - INFO - Running the routine. Loop count: 3
2023-08-03 16:59:14 - __main__ - DEBUG - Requisition status code: 200
2023-08-03 17:59:10 - __main__ - INFO - Running the routine. Loop count: 4
2023-08-03 17:59:15 - __main__ - DEBUG - Requisition status code: 200
2023-08-03 18:59:06 - __main__ - INFO - Running the routine. Loop count: 5
2023-08-03 18:59:19 - __main__ - DEBUG - Requisition status code: 200
2023-08-03 19:59:13 - __main__ - INFO - Running the routine. Loop count: 6
2023-08-03 19:59:17 - __main__ - DEBUG - Requisition status code: 200
2023-08-03 20:59:03 - __main__ - INFO - Stopping the script.
2023-08-04 01:13:34 - __main__ - INFO - The script ran
2023-08-04 01:13:34 - __main__ - INFO - Running the routine. Loop count: 1
2023-08-04 01:13:38 - __main__ - DEBUG - Requisition status code: 200
2023-08-04 01:59:04 - __main__ - INFO - Running the routine. Loop count: 2
2023-08-04 01:59:08 - __main__ - DEBUG - Requisition status code: 200
2023-08-04 02:59:04 - __main__ - INFO - Running the routine. Loop count: 3
2023-08-04 02:59:07 - __main__ - DEBUG - Requisition status code: 200
2023-08-04 03:59:02 - __main__ - INFO - Running the routine. Loop count: 4
2023-08-04 03:59:07 - __main__ - DEBUG - Requisition status code: 200
2023-08-04 04:59:04 - __main__ - INFO - Running the routine. Loop count: 5
2023-08-04 04:59:12 - __main__ - DEBUG - Requisition status code: 200
2023-08-04 05:59:07 - __main__ - INFO - Running the routine. Loop count: 6
2023-08-04 05:59:10 - __main__ - DEBUG - Requisition status code: 200
2023-08-04 06:59:02 - __main__ - INFO - Stopping the script.
2023-08-04 10:14:27 - __main__ - INFO - The script ran
2023-08-04 10:14:27 - __main__ - INFO - Running the routine. Loop count: 1
2023-08-04 10:14:36 - __main__ - DEBUG - Requisition status code: 200
2023-08-04 10:59:09 - __main__ - INFO - Running the routine. Loop count: 2
2023-08-04 10:59:13 - __main__ - DEBUG - Requisition status code: 200
2023-08-04 11:59:03 - __main__ - INFO - Running the routine. Loop count: 3
2023-08-04 11:59:08 - __main__ - DEBUG - Requisition status code: 200
2023-08-04 12:59:05 - __main__ - INFO - Running the routine. Loop count: 4
2023-08-04 12:59:13 - __main__ - DEBUG - Requisition status code: 200
2023-08-04 13:59:07 - __main__ - INFO - Stopping the script.
2023-08-04 15:13:56 - __main__ - INFO - The script ran
2023-08-04 15:13:56 - __main__ - INFO - Running the routine. Loop count: 1
2023-08-04 15:14:01 - __main__ - DEBUG - Requisition status code: 200
2023-08-04 15:59:05 - __main__ - INFO - Running the routine. Loop count: 2
2023-08-04 15:59:16 - __main__ - DEBUG - Requisition status code: 200
2023-08-04 16:59:11 - __main__ - INFO - Running the routine. Loop count: 3
2023-08-04 16:59:14 - __main__ - DEBUG - Requisition status code: 200
2023-08-04 17:59:03 - __main__ - INFO - Running the routine. Loop count: 4
2023-08-04 17:59:06 - __main__ - DEBUG - Requisition status code: 200
2023-08-04 18:59:03 - __main__ - INFO - Running the routine. Loop count: 5
2023-08-04 18:59:07 - __main__ - DEBUG - Requisition status code: 200
2023-08-04 19:59:04 - __main__ - INFO - Running the routine. Loop count: 6
2023-08-04 19:59:18 - __main__ - DEBUG - Requisition status code: 200
2023-08-04 20:59:14 - __main__ - INFO - Stopping the script.
